ShadowApp/app/build/intermediates/manifest_merge_blame_file/debug/manifest-merger-blame-debug-report.txt
1<?xml version="1.0" encoding="utf-8"?>
2<manifest xmlns:android="http://schemas.android.com/apk/res/android"
3    package="com.example.shadowapp"
4    android:versionCode="1"
5    android:versionName="1.0" >
6
7    <uses-sdk
8        android:minSdkVersion="16"
8-->src/main/AndroidManifest.xml
9        android:targetSdkVersion="30" />
9-->src/main/AndroidManifest.xml
10
11    <uses-permission android:name="android.permission.WAKE_LOCK" />
11-->src/main/AndroidManifest.xml:6:5-68
11-->src/main/AndroidManifest.xml:6:22-65
12    <uses-permission android:name="android.permission.ACCESS_NETWORK_STATE" />
12-->src/main/AndroidManifest.xml:7:5-79
12-->src/main/AndroidManifest.xml:7:22-76
13    <uses-permission android:name="android.permission.INTERNET" />
13-->src/main/AndroidManifest.xml:8:5-67
13-->src/main/AndroidManifest.xml:8:22-64
14    <uses-permission android:name="android.permission.READ_PHONE_STATE" />
14-->src/main/AndroidManifest.xml:9:5-75
14-->src/main/AndroidManifest.xml:9:22-72
15    <uses-permission android:name="android.permission.RECORD_AUDIO" />
15-->src/main/AndroidManifest.xml:10:5-71
15-->src/main/AndroidManifest.xml:10:22-68
16
17    <application
17-->src/main/AndroidManifest.xml:12:5-48:19
18        android:allowBackup="true"
18-->src/main/AndroidManifest.xml:13:9-35
19        android:appComponentFactory="androidx.core.app.CoreComponentFactory"
19-->[androidx.core:core:1.3.2] AndroidManifest.xml:24:18-86
20        android:debuggable="true"
21        android:icon="@mipmap/ic_launcher"
21-->src/main/AndroidManifest.xml:14:9-43
22        android:label="@string/app_name"
22-->src/main/AndroidManifest.xml:15:9-41
23        android:roundIcon="@mipmap/ic_launcher_round"
23-->src/main/AndroidManifest.xml:16:9-54
24        android:supportsRtl="true"
24-->src/main/AndroidManifest.xml:17:9-35
25        android:theme="@style/Theme.ShadowApp" >
25-->src/main/AndroidManifest.xml:18:9-47
26        <activity android:name="com.example.shadowapp.OptionPage" />
26-->src/main/AndroidManifest.xml:19:9-57
26-->src/main/AndroidManifest.xml:19:19-45
27        <activity
27-->src/main/AndroidManifest.xml:20:9-22:60
28            android:name="com.example.shadowapp.VoiceCommand"
28-->src/main/AndroidManifest.xml:21:13-41
29            android:parentActivityName="com.example.shadowapp.ControllerPage" />
29-->src/main/AndroidManifest.xml:22:13-57
30        <activity android:name="com.example.shadowapp.JoystickPage" />
30-->src/main/AndroidManifest.xml:23:9-24:44
30-->src/main/AndroidManifest.xml:24:13-41
31        <activity android:name="com.example.shadowapp.MainActivity" >
31-->src/main/AndroidManifest.xml:25:9-31:20
31-->src/main/AndroidManifest.xml:25:19-47
32            <intent-filter>
32-->src/main/AndroidManifest.xml:26:13-30:29
33                <action android:name="android.intent.action.MAIN" />
33-->src/main/AndroidManifest.xml:27:17-69
33-->src/main/AndroidManifest.xml:27:25-66
34
35                <category android:name="android.intent.category.LAUNCHER" />
35-->src/main/AndroidManifest.xml:29:17-77
35-->src/main/AndroidManifest.xml:29:27-74
36            </intent-filter>
37        </activity>
38        <activity android:name="com.example.shadowapp.ControllerPage" />
38-->src/main/AndroidManifest.xml:32:9-34:45
38-->src/main/AndroidManifest.xml:33:13-43
39        <activity android:name="com.example.shadowapp.GetReady" >
39-->src/main/AndroidManifest.xml:35:9-41:20
39-->src/main/AndroidManifest.xml:35:19-43
40            <intent-filter>
40-->src/main/AndroidManifest.xml:26:13-30:29
41                <action android:name="android.intent.action.MAIN" />
41-->src/main/AndroidManifest.xml:27:17-69
41-->src/main/AndroidManifest.xml:27:25-66
42
43                <category android:name="android.intent.category.LAUNCHER" />
43-->src/main/AndroidManifest.xml:29:17-77
43-->src/main/AndroidManifest.xml:29:27-74
44            </intent-filter>
45        </activity>
46
47        <service android:name="org.eclipse.paho.android.service.MqttService" />
47-->src/main/AndroidManifest.xml:43:9-80
47-->src/main/AndroidManifest.xml:43:18-77
48
49        <meta-data
49-->src/main/AndroidManifest.xml:45:9-47:57
50            android:name="preloaded_fonts"
50-->src/main/AndroidManifest.xml:46:13-43
51            android:resource="@array/preloaded_fonts" />
51-->src/main/AndroidManifest.xml:47:13-54
52    </application>
53
54</manifest>